nohup: ignoring input
[44m[1m INFO [0m[0m [32mcores_create()[0m : Server listening on http://0.0.0.0:8001
[44m[1m INFO [0m[0m [32mcores_create()[0m : Server listening on http://0.0.0.0:8002
[44m[1m INFO [0m[0m [32mcores_create()[0m : Server listening on http://0.0.0.0:8003
[44m[1m INFO [0m[0m [32mxps_listener_connection_handler()[0m : new connection
Request Line: GET / HTTP/1.1
Method: GET
URI: /
Schema: 
Host: 
Path: /
Pathname: /
Port: 0
Version: 1.1
HEADERS
Host: localhost:8002
User-Agent: curl/8.5.0
Accept: */*
route_type:
route_type:2 1
route_type:2 0x507000000640
rote_type: reverse_proxy
[44m[1m INFO [0m[0m [32mxps_listener_connection_handler()[0m : new connection
Request Line: GET / HTTP/1.1
Method: GET
URI: /
Schema: 
Host: 
Path: /
Pathname: /
Port: 0
Version: 1.1
HEADERS
Host: localhost:8002
User-Agent: Mozilla/5.0 (Windows NT 10.0; Win64; x64; rv:146.0) Gecko/20100101 Firefox/146.0
Accept: text/html,application/xhtml+xml,application/xml;q=0.9,*/*;q=0.8
Accept-Language: en-US,en;q=0.5
Accept-Encoding: gzip, deflate, br, zstd
Connection: keep-alive
Upgrade-Insecure-Requests: 1
Sec-Fetch-Dest: document
Sec-Fetch-Mode: navigate
Sec-Fetch-Site: none
Sec-Fetch-User: ?1
Priority: u=0, i
route_type:
route_type:2 1
route_type:2 0x507000000640
rote_type: reverse_proxy
[44m[1m INFO [0m[0m [32mconnection_close()[0m : peer closed connection
[44m[1m INFO [0m[0m [32mconnection_close()[0m : closing connection
[44m[1m INFO [0m[0m [32mxps_listener_connection_handler()[0m : new connection
Request Line: GET /sample.txt HTTP/1.1
Method: GET
URI: /sample.txt
Schema: 
Host: 
Path: /sample.txt
Pathname: /sample.txt
Port: 0
Version: 1.1
HEADERS
Host: localhost:8001
User-Agent: Mozilla/5.0 (Windows NT 10.0; Win64; x64; rv:146.0) Gecko/20100101 Firefox/146.0
Accept: text/html,application/xhtml+xml,application/xml;q=0.9,*/*;q=0.8
Accept-Language: en-US,en;q=0.5
Accept-Encoding: gzip, deflate, br, zstd
Connection: keep-alive
Upgrade-Insecure-Requests: 1
Sec-Fetch-Dest: document
Sec-Fetch-Mode: navigate
Sec-Fetch-Site: none
Priority: u=0, i
route_type:
route_type:2 0
route_type:2 0x507000000560
rote_type: file_serve
[44m[1m INFO [0m[0m [32mxps_config_file_lookup()[0m : requested file path: /home/fayis/myProjects/expserver-2/stage16/src/../public//sample.txt
[44m[1m INFO [0m[0m [32mconnection_close()[0m : closing connection
[44m[1m INFO [0m[0m [32mxps_listener_connection_handler()[0m : new connection
