nohup: ignoring input
[35m[1m DEBUG [0m[0m [32mxps_config_create()[0m : Config file parsed successfully
[35m[1m DEBUG [0m[0m [32mxps_core_create()[0m : created core
[35m[1m DEBUG [0m[0m [32mxps_core_create()[0m : created core
[35m[1m DEBUG [0m[0m [32mxps_core_create()[0m : created core
[35m[1m DEBUG [0m[0m [32mxps_core_create()[0m : created core
[35m[1m DEBUG [0m[0m [32mxps_getaddrinfo()[0m : host: 0.0.0.0, port: 8001, resolved ip: 0.0.0.0
[35m[1m DEBUG [0m[0m [32mxps_listener_create()[0m : created listener on port 8001
[44m[1m INFO [0m[0m [32mcores_create()[0m : Server listening on http://0.0.0.0:8001
[35m[1m DEBUG [0m[0m [32mxps_getaddrinfo()[0m : host: 0.0.0.0, port: 8002, resolved ip: 0.0.0.0
[35m[1m DEBUG [0m[0m [32mxps_listener_create()[0m : created listener on port 8002
[44m[1m INFO [0m[0m [32mcores_create()[0m : Server listening on http://0.0.0.0:8002
[35m[1m DEBUG [0m[0m [32mxps_getaddrinfo()[0m : host: 0.0.0.0, port: 8003, resolved ip: 0.0.0.0
[35m[1m DEBUG [0m[0m [32mxps_listener_create()[0m : created listener on port 8003
[44m[1m INFO [0m[0m [32mcores_create()[0m : Server listening on http://0.0.0.0:8003
[35m[1m DEBUG [0m[0m [32mevent_create()[0m : created event
[35m[1m DEBUG [0m[0m [32mevent_create()[0m : created event
[35m[1m DEBUG [0m[0m [32mevent_create()[0m : created event
[35m[1m DEBUG [0m[0m [32mevent_create()[0m : created event
[35m[1m DEBUG [0m[0m [32mevent_create()[0m : created event
[35m[1m DEBUG [0m[0m [32mevent_create()[0m : created event
[35m[1m DEBUG [0m[0m [32mevent_create()[0m : created event
[35m[1m DEBUG [0m[0m [32mevent_create()[0m : created event
[35m[1m DEBUG [0m[0m [32mevent_create()[0m : created event
[35m[1m DEBUG [0m[0m [32mevent_create()[0m : created event
[35m[1m DEBUG [0m[0m [32mevent_create()[0m : created event
[35m[1m DEBUG [0m[0m [32mevent_create()[0m : created event
[35m[1m DEBUG [0m[0m [32mxps_listener_destroy()[0m : destroyed listener on port 8001
[35m[1m DEBUG [0m[0m [32mxps_listener_destroy()[0m : destroyed listener on port 8002
[35m[1m DEBUG [0m[0m [32mxps_listener_destroy()[0m : destroyed listener on port 8003
[35m[1m DEBUG [0m[0m [32mcores_create()[0m : created cores
[35m[1m DEBUG [0m[0m [32mxps_start()[0m : starting core
[35m[1m DEBUG [0m[0m [32mxps_loop_run()[0m : starting to run loop
[35m[1m DEBUG [0m[0m [32mxps_loop_run()[0m : loop top
[35m[1m DEBUG [0m[0m [32mxps_loop_run()[0m : epoll waiting
[35m[1m DEBUG [0m[0m [32mxps_loop_run()[0m : epoll wait over
[35m[1m DEBUG [0m[0m [32mhandle_epoll_events()[0m : handling 1 events
[35m[1m DEBUG [0m[0m [32mxps_loop_run()[0m : handling event no. 1
[35m[1m DEBUG [0m[0m [32mhandle_epoll_events()[0m : EVENT / read
[35m[1m DEBUG [0m[0m [32mxps_pipe_source_create()[0m : source successfully created
[35m[1m DEBUG [0m[0m [32mxps_pipe_sink_create()[0m : sink successfully created
[35m[1m DEBUG [0m[0m [32mevent_create()[0m : created event
[35m[1m DEBUG [0m[0m [32mxps_connection_create()[0m : created connection
[35m[1m DEBUG [0m[0m [32mxps_pipe_source_create()[0m : source successfully created
[35m[1m DEBUG [0m[0m [32mxps_pipe_sink_create()[0m : sink successfully created
[35m[1m DEBUG [0m[0m [32mxps_pipe_source_create()[0m : source successfully created
[35m[1m DEBUG [0m[0m [32mxps_pipe_sink_create()[0m : sink successfully created
[35m[1m DEBUG [0m[0m [32mxps_pipe_sink_create()[0m : sink successfully created
[35m[1m DEBUG [0m[0m [32mxps_pipe_create()[0m : created pipe
[35m[1m DEBUG [0m[0m [32mxps_pipe_create()[0m : created pipe
[35m[1m DEBUG [0m[0m [32mxps_session_create()[0m : created session
[44m[1m INFO [0m[0m [32mxps_listener_connection_handler()[0m : new connection
[35m[1m DEBUG [0m[0m [32mxps_loop_run()[0m : loop top
[35m[1m DEBUG [0m[0m [32mxps_loop_run()[0m : epoll waiting
[35m[1m DEBUG [0m[0m [32mxps_loop_run()[0m : epoll wait over
[35m[1m DEBUG [0m[0m [32mhandle_epoll_events()[0m : handling 1 events
[35m[1m DEBUG [0m[0m [32mxps_loop_run()[0m : handling event no. 1
[35m[1m DEBUG [0m[0m [32mhandle_epoll_events()[0m : EVENT / read
[35m[1m DEBUG [0m[0m [32mhandle_epoll_events()[0m : EVENT / write
[35m[1m DEBUG [0m[0m [32mxps_loop_run()[0m : loop top
Request Line: GET / HTTP/1.1
Method: GET
URI: /
Schema: 
Host: 
Path: /
Pathname: /
Port: 0
Version: 1.1
HEADERS
Host: localhost:8002
User-Agent: curl/8.5.0
Accept: */*
[35m[1m DEBUG [0m[0m [32mxps_http_req_create()[0m : http_req created succesffully
[35m[1m DEBUG [0m[0m [32mxps_http_req_serialize()[0m : http request serialized successfully
route_type:
route_type:2 1
route_type:2 0x507000000640
rote_type: reverse_proxy
rote_type: reverse_proxy lookup_typesss: 1
hey its mdsdsdse[41m[1m ERROR [0m[0m [32msession_process_request()[0m : xps_config_lookup() failed
[35m[1m DEBUG [0m[0m [32mxps_http_res_serialize()[0m : http response serialized succefully
[35m[1m DEBUG [0m[0m [32mxps_pipe_source_destroy()[0m : destroyed pipe_source
[35m[1m DEBUG [0m[0m [32mxps_pipe_sink_destroy()[0m : destroyed pipe_sink
[35m[1m DEBUG [0m[0m [32mxps_pipe_source_destroy()[0m : destroyed pipe_source
[35m[1m DEBUG [0m[0m [32mxps_pipe_sink_destroy()[0m : destroyed pipe_sink
[35m[1m DEBUG [0m[0m [32mxps_pipe_sink_destroy()[0m : destroyed pipe_sink
[35m[1m DEBUG [0m[0m [32mxps_http_req_destroy()[0m : destroyed http_req
[35m[1m DEBUG [0m[0m [32mxps_session_destroy()[0m : destroyed session
[35m[1m DEBUG [0m[0m [32mxps_loop_run()[0m : epoll waiting
[35m[1m DEBUG [0m[0m [32mxps_loop_run()[0m : epoll wait over
[35m[1m DEBUG [0m[0m [32mxps_loop_run()[0m : loop top
[44m[1m INFO [0m[0m [32mconnection_close()[0m : closing connection
[35m[1m DEBUG [0m[0m [32mevent_destroy()[0m : destroyed event
[35m[1m DEBUG [0m[0m [32mxps_pipe_source_destroy()[0m : destroyed pipe_source
[35m[1m DEBUG [0m[0m [32mxps_pipe_sink_destroy()[0m : destroyed pipe_sink
[35m[1m DEBUG [0m[0m [32mxps_connection_destroy()[0m : destroyed connection
[35m[1m DEBUG [0m[0m [32mhandle_pipes()[0m : pipe has no source and sink
[35m[1m DEBUG [0m[0m [32mxps_pipe_destroy()[0m : destroyed pipe
[35m[1m DEBUG [0m[0m [32mhandle_pipes[0m : pipe is null
[35m[1m DEBUG [0m[0m [32mxps_loop_run()[0m : epoll waiting
